mode: set
github.com/andreaskoch/myip/remote.go:19.54,23.28 2 0
github.com/andreaskoch/myip/remote.go:28.2,29.28 2 0
github.com/andreaskoch/myip/remote.go:33.2,36.8 1 0
github.com/andreaskoch/myip/remote.go:23.28,25.3 1 0
github.com/andreaskoch/myip/remote.go:29.28,31.3 1 0
github.com/andreaskoch/myip/remote.go:47.64,49.16 2 1
github.com/andreaskoch/myip/remote.go:53.2,53.17 1 1
github.com/andreaskoch/myip/remote.go:57.2,57.26 1 1
github.com/andreaskoch/myip/remote.go:49.16,51.3 1 0
github.com/andreaskoch/myip/remote.go:53.17,55.3 1 1
github.com/andreaskoch/myip/remote.go:61.64,63.16 2 1
github.com/andreaskoch/myip/remote.go:67.2,67.17 1 1
github.com/andreaskoch/myip/remote.go:71.2,71.26 1 1
github.com/andreaskoch/myip/remote.go:63.16,65.3 1 0
github.com/andreaskoch/myip/remote.go:67.17,69.3 1 1
github.com/andreaskoch/myip/remote.go:76.82,81.2 1 1
github.com/andreaskoch/myip/remote.go:90.69,104.16 4 1
github.com/andreaskoch/myip/remote.go:109.2,112.38 4 1
github.com/andreaskoch/myip/remote.go:117.2,121.15 3 1
github.com/andreaskoch/myip/remote.go:125.2,125.16 1 1
github.com/andreaskoch/myip/remote.go:104.16,106.3 1 1
github.com/andreaskoch/myip/remote.go:112.38,114.3 1 0
github.com/andreaskoch/myip/remote.go:121.15,123.3 1 1
github.com/andreaskoch/myip/util.go:12.29,13.21 1 1
github.com/andreaskoch/myip/util.go:16.2,16.14 1 1
github.com/andreaskoch/myip/util.go:13.21,15.3 1 1
github.com/andreaskoch/myip/util.go:20.29,22.2 1 1
github.com/andreaskoch/myip/util.go:25.37,28.29 2 0
github.com/andreaskoch/myip/util.go:35.2,35.11 1 0
github.com/andreaskoch/myip/util.go:29.2,30.12 1 0
github.com/andreaskoch/myip/util.go:31.2,32.12 1 0
github.com/andreaskoch/myip/util.go:38.35,41.21 1 0
github.com/andreaskoch/myip/util.go:46.2,46.58 1 0
github.com/andreaskoch/myip/util.go:50.2,50.14 1 0
github.com/andreaskoch/myip/util.go:41.21,43.3 1 0
github.com/andreaskoch/myip/util.go:46.58,48.3 1 0
github.com/andreaskoch/myip/local.go:13.52,15.16 2 0
github.com/andreaskoch/myip/local.go:19.2,19.46 1 0
github.com/andreaskoch/myip/local.go:15.16,17.3 1 0
github.com/andreaskoch/myip/local.go:29.63,33.16 2 0
github.com/andreaskoch/myip/local.go:37.2,38.28 2 0
github.com/andreaskoch/myip/local.go:53.2,53.25 1 0
github.com/andreaskoch/myip/local.go:33.16,35.3 1 0
github.com/andreaskoch/myip/local.go:38.28,41.23 1 0
github.com/andreaskoch/myip/local.go:46.3,46.18 1 0
github.com/andreaskoch/myip/local.go:50.3,50.40 1 0
github.com/andreaskoch/myip/local.go:41.23,42.12 1 0
github.com/andreaskoch/myip/local.go:46.18,47.12 1 0
github.com/andreaskoch/myip/local.go:57.63,61.16 2 0
github.com/andreaskoch/myip/local.go:65.2,66.28 2 0
github.com/andreaskoch/myip/local.go:81.2,81.25 1 0
github.com/andreaskoch/myip/local.go:61.16,63.3 1 0
github.com/andreaskoch/myip/local.go:66.28,69.23 1 0
github.com/andreaskoch/myip/local.go:74.3,74.18 1 0
github.com/andreaskoch/myip/local.go:78.3,78.40 1 0
github.com/andreaskoch/myip/local.go:69.23,70.12 1 0
github.com/andreaskoch/myip/local.go:74.18,75.12 1 0
github.com/andreaskoch/myip/local.go:86.70,89.16 2 0
github.com/andreaskoch/myip/local.go:93.2,95.8 1 0
github.com/andreaskoch/myip/local.go:89.16,91.3 1 0
github.com/andreaskoch/myip/local.go:104.70,106.33 1 1
github.com/andreaskoch/myip/local.go:118.2,118.17 1 1
github.com/andreaskoch/myip/local.go:106.33,108.17 2 0
github.com/andreaskoch/myip/local.go:112.3,112.30 1 0
github.com/andreaskoch/myip/local.go:108.17,110.4 1 0
github.com/andreaskoch/myip/local.go:112.30,115.4 2 0
